2023-04-12 03:07:53.055 [info] CLI main {"_":[],"diff":false,"merge":false,"add":false,"goto":false,"new-window":false,"reuse-window":false,"wait":false,"help":false,"list-extensions":false,"show-versions":false,"install-extension":["ms-python.python"],"pre-release":false,"version":false,"verbose":false,"status":false,"prof-startup":false,"no-cached-data":false,"prof-v8-extensions":false,"disable-extensions":false,"disable-gpu":false,"ms-enable-electron-run-as-node":false,"telemetry":false,"debugRenderer":false,"enable-smoke-test-driver":false,"logExtensionHostCommunication":false,"skip-release-notes":false,"skip-welcome":false,"disable-telemetry":false,"disable-updates":false,"disable-keytar":false,"disable-workspace-trust":false,"disable-crash-reporter":false,"skip-add-to-recently-opened":false,"unity-launch":false,"open-url":false,"file-write":false,"file-chmod":false,"force":false,"do-not-sync":false,"trace":false,"force-user-env":false,"force-disable-user-env":false,"open-devtools":false,"disable-gpu-sandbox":false,"__enable-file-policy":false,"enable-coi":false,"no-proxy-server":false,"no-sandbox":false,"nolazy":false,"force-renderer-accessibility":false,"ignore-certificate-errors":false,"allow-insecure-localhost":false,"disable-dev-shm-usage":false,"profile-temp":false,"logsPath":"/home/clover/.config/Code/logs/20230412T030752"}
2023-04-12 03:07:53.063 [info] Started initializing default profile extensions in extensions installation folder. file:///home/clover/.vscode/extensions
2023-04-12 03:07:53.082 [info] Completed initializing default profile extensions in extensions installation folder. file:///home/clover/.vscode/extensions
2023-04-12 03:07:53.518 [info] Getting Manifest... ms-python.python
2023-04-12 03:07:53.539 [info] Installing extension: ms-python.python
2023-04-12 03:07:54.137 [info] Getting Manifest... ms-toolsai.jupyter
2023-04-12 03:07:54.284 [info] Getting Manifest... ms-toolsai.jupyter-keymap
2023-04-12 03:07:54.302 [info] Getting Manifest... ms-toolsai.jupyter-renderers
2023-04-12 03:07:54.321 [info] Getting Manifest... ms-toolsai.vscode-jupyter-cell-tags
2023-04-12 03:07:54.338 [info] Getting Manifest... ms-toolsai.vscode-jupyter-slideshow
2023-04-12 03:07:54.358 [info] Getting Manifest... ms-python.vscode-pylance
2023-04-12 03:07:54.571 [info] Installing extension: ms-toolsai.jupyter ms-python.python
2023-04-12 03:07:54.572 [info] Installing extension: ms-toolsai.jupyter-keymap ms-python.python
2023-04-12 03:07:54.572 [info] Installing extension: ms-toolsai.jupyter-renderers ms-python.python
2023-04-12 03:07:54.572 [info] Installing extension: ms-toolsai.vscode-jupyter-cell-tags ms-python.python
2023-04-12 03:07:54.572 [info] Installing extension: ms-toolsai.vscode-jupyter-slideshow ms-python.python
2023-04-12 03:07:54.572 [info] Installing extension: ms-python.vscode-pylance ms-python.python
2023-04-12 03:08:04.319 [info] Extension signature is verified: ms-toolsai.jupyter-keymap
2023-04-12 03:08:04.359 [info] Extension signature is verified: ms-toolsai.vscode-jupyter-slideshow
2023-04-12 03:08:04.361 [info] Extension signature is verified: ms-toolsai.vscode-jupyter-cell-tags
2023-04-12 03:08:04.459 [info] Extension signature is verified: ms-toolsai.jupyter-renderers
2023-04-12 03:08:04.534 [info] Extension signature is verified: ms-toolsai.jupyter
2023-04-12 03:08:04.549 [info] Extension signature is verified: ms-python.python
2023-04-12 03:08:04.570 [info] Extracted extension to /home/clover/.vscode/extensions/.a7c0447f-8eab-41b4-85c6-3ccb68241abd: ms-toolsai.jupyter-keymap
2023-04-12 03:08:04.587 [info] Renamed to /home/clover/.vscode/extensions/ms-toolsai.jupyter-keymap-1.1.0
2023-04-12 03:08:04.598 [info] Extracting extension completed. ms-toolsai.jupyter-keymap
2023-04-12 03:08:04.703 [info] Extracted extension to /home/clover/.vscode/extensions/.4ba89a57-0e09-492e-b3e4-eee9445cd3d1: ms-toolsai.vscode-jupyter-slideshow
2023-04-12 03:08:04.716 [info] Renamed to /home/clover/.vscode/extensions/ms-toolsai.vscode-jupyter-slideshow-0.1.5
2023-04-12 03:08:04.724 [info] Extracting extension completed. ms-toolsai.vscode-jupyter-slideshow
2023-04-12 03:08:04.762 [info] Extracted extension to /home/clover/.vscode/extensions/.f83ecf3f-8101-458d-b9ce-34ccee178b27: ms-toolsai.vscode-jupyter-cell-tags
2023-04-12 03:08:04.776 [info] Renamed to /home/clover/.vscode/extensions/ms-toolsai.vscode-jupyter-cell-tags-0.1.8
2023-04-12 03:08:04.789 [info] Extracting extension completed. ms-toolsai.vscode-jupyter-cell-tags
2023-04-12 03:08:06.098 [info] Extracted extension to /home/clover/.vscode/extensions/.506f1616-0944-4ca3-89dc-6bc3eb4c687f: ms-toolsai.jupyter-renderers
2023-04-12 03:08:06.230 [info] Renamed to /home/clover/.vscode/extensions/ms-toolsai.jupyter-renderers-1.0.15
2023-04-12 03:08:06.250 [info] Extracting extension completed. ms-toolsai.jupyter-renderers
2023-04-12 03:08:06.956 [info] Extracted extension to /home/clover/.vscode/extensions/.58263bee-007f-4fd0-aa75-98dcca24601c: ms-toolsai.jupyter
2023-04-12 03:08:06.967 [info] Renamed to /home/clover/.vscode/extensions/ms-toolsai.jupyter-2023.3.1000892223
2023-04-12 03:08:06.978 [info] Extracting extension completed. ms-toolsai.jupyter
2023-04-12 03:08:09.734 [info] Extracted extension to /home/clover/.vscode/extensions/.89e1f85f-2384-450a-9481-bd4cf2c2f36d: ms-python.python
2023-04-12 03:08:09.809 [info] Renamed to /home/clover/.vscode/extensions/ms-python.python-2023.6.0
2023-04-12 03:08:09.819 [info] Extracting extension completed. ms-python.python
2023-04-12 03:08:11.607 [info] Extension signature is verified: ms-python.vscode-pylance
2023-04-12 03:08:17.004 [info] Extracted extension to /home/clover/.vscode/extensions/.3918225b-ef5b-4e9b-8160-4ec239c06e34: ms-python.vscode-pylance
2023-04-12 03:08:17.078 [info] Renamed to /home/clover/.vscode/extensions/ms-python.vscode-pylance-2023.4.10
2023-04-12 03:08:17.082 [info] Extracting extension completed. ms-python.vscode-pylance
2023-04-12 03:08:17.088 [info] Extension installed successfully: ms-toolsai.jupyter-keymap
2023-04-12 03:08:17.088 [info] Extension installed successfully: ms-toolsai.vscode-jupyter-slideshow
2023-04-12 03:08:17.088 [info] Extension installed successfully: ms-toolsai.vscode-jupyter-cell-tags
2023-04-12 03:08:17.088 [info] Extension installed successfully: ms-toolsai.jupyter-renderers
2023-04-12 03:08:17.088 [info] Extension installed successfully: ms-toolsai.jupyter
2023-04-12 03:08:17.088 [info] Extension installed successfully: ms-python.python
2023-04-12 03:08:17.088 [info] Extension installed successfully: ms-python.vscode-pylance
